<?xml version="1.0" encoding="UTF-8"?>
<testng-results ignored="0" total="1" passed="1" failed="0" skipped="0">
  <reporter-output>
  </reporter-output>
  <suite started-at="2020-12-13T19:57:38 PST" name="Surefire suite" finished-at="2020-12-13T19:57:38 PST" duration-ms="34">
    <groups>
    </groups>
    <test started-at="2020-12-13T19:57:38 PST" name="Surefire test" finished-at="2020-12-13T19:57:38 PST" duration-ms="34">
      <class name="earth.cassidy.gardeningcontroller.AppTest">
        <test-method signature="shouldAnswerWithTrue()" started-at="2020-12-13T19:57:38 PST" name="shouldAnswerWithTrue" finished-at="2020-12-13T19:57:38 PST" duration-ms="8" status="PASS">
          <reporter-output>
          </reporter-output>
        </test-method> <!-- shouldAnswerWithTrue -->
      </class> <!-- earth.cassidy.gardeningcontroller.AppTest -->
    </test> <!-- Surefire test -->
  </suite> <!-- Surefire suite -->
</testng-results>
