<?xml version="1.0" encoding="UTF-8"?>
<testng-results ignored="0" total="1" passed="1" failed="0" skipped="0">
  <reporter-output>
  </reporter-output>
  <suite started-at="2020-12-13T19:57:38 PST" name="Surefire suite" finished-at="2020-12-13T19:57:38 PST" duration-ms="19">
    <groups>
    </groups>
    <test started-at="2020-12-13T19:57:38 PST" name="Surefire test" finished-at="2020-12-13T19:57:38 PST" duration-ms="19">
      <class name="earth.cassidy.gardeningcontroller.schedule.OperationListTest">
        <test-method signature="testBuilder()[pri:0, instance:earth.cassidy.gardeningcontroller.schedule.OperationListTest@4d3167f4]" started-at="2020-12-13T19:57:38 PST" name="testBuilder" finished-at="2020-12-13T19:57:38 PST" duration-ms="3" status="PASS">
          <reporter-output>
          </reporter-output>
        </test-method> <!-- testBuilder -->
      </class> <!-- earth.cassidy.gardeningcontroller.schedule.OperationListTest -->
    </test> <!-- Surefire test -->
  </suite> <!-- Surefire suite -->
</testng-results>
