<?xml version="1.0" encoding="UTF-8"?>
<testsuite xmlns:xsi="http://www.w3.org/2001/XMLSchema-instance" xsi:noNamespaceSchemaLocation="https://maven.apache.org/surefire/maven-surefire-plugin/xsd/surefire-test-report.xsd" name="TestSuite" time="0.425" tests="6" errors="0" skipped="0" failures="0">
  <properties>
[...]
</properties>
  <testcase name="testBuilder" classname="earth.cassidy.gardeningcontroller.schedule.DailyScheduleTest" time="0.035"/>
  <testcase name="testSerialization" classname="earth.cassidy.gardeningcontroller.schedule.DailyScheduleTest" time="0.051"/>
  <testcase name="testBuilder" classname="earth.cassidy.gardeningcontroller.schedule.WateringTimeTest" time="0.001"/>
  <testcase name="testSerialization" classname="earth.cassidy.gardeningcontroller.schedule.WateringTimeTest" time="0.001"/>
  <testcase name="testExecuteDayMatches" classname="earth.cassidy.gardeningcontroller.WateringControllerTest" time="0.008"/>
  <testcase name="testExecuteNoDayMatches" classname="earth.cassidy.gardeningcontroller.WateringControllerTest" time="0.001"/>
</testsuite>