<?xml version="1.0" encoding="UTF-8"?>
<testsuite xmlns:xsi="http://www.w3.org/2001/XMLSchema-instance" xsi:noNamespaceSchemaLocation="https://maven.apache.org/surefire/maven-surefire-plugin/xsd/surefire-test-report.xsd" name="TestSuite" time="0.29" tests="2" errors="0" skipped="0" failures="0">
  <properties>
[...]
</properties>
  <testcase name="testBuilder" classname="earth.cassidy.gardeningcontroller.schedule.OperationListTest" time="0.004"/>
  <testcase name="shouldAnswerWithTrue on shouldAnswerWithTrue(earth.cassidy.gardeningcontroller.AppTest)" classname="earth.cassidy.gardeningcontroller.AppTest" time="0.001"/>
</testsuite>